Mplus VERSION 8.10
MUTHEN & MUTHEN
04/24/2024   4:21 PM

INPUT INSTRUCTIONS


  TITLE:
  !o1_16 & o1_1722 (ClearExp): How often can this child explain things he or she has seen or
  !o2_22 (NAMEEMOTIONS): How often can this child recognize and name their own emotions?;
  !o3_22 (SHARETOYS): How often does this child have difficulty waiting for their turn?;
  !o4_16 & o4 (PlayWell): How often can this child explain things he or she has seen or done
  !o5_16 & o5_1722 (HurtSad): How often can this child explain things he or she has seen or
  !o6_22 (FOCUSON): How often can this child focus on a task you give them for at least a fe

  DATA:
  FILE = dinking.dat;

  VARIABLE:
  NAMES = recnum year stratfip hhid fwc age male t d tXd o1_16 o1_1722 o2_22 o3_22
     o4_16 o4_1722 o5_16 o5_1722 o6_22;
  USEV = age male t d tXd o1_16 o1_1722 o2_22 o3_22 o4_16 o4_1722 o5_16 o5_1722
     o6_22;
  CATEGORICAL = o1_16 o1_1722 o2_22 o3_22 o4_16 o4_1722 o5_16 o5_1722 o6_22;
  MISSING = .;
  IDVARIABLE = recnum;
  !STRATIFICATION = stratfip;
  !CLUSTER = hhid;
  WEIGHT = fwc;
  CLUSTER = stratfip;
  WITHIN = age male t d txd;

  ANALYSIS:
  TYPE = TWOLEVEL RANDOM;
  ESTIMATOR = mlr;
  ALGORITHM = integration;
  INTEGRATION = gauss(8);
  LINK = probit;
  PROCESSORS = 16;

  MODEL:

  %WITHIN%

  !------------------------------------;
  !     Measurement parameters;
  !------------------------------------;

  !o1_16 & o1_1722 (ClearExp; 2016:_1, 2017-22:_2);
     EM by o1_16*1 o1_1722*1 (lo1);
     [o1_16$1* o1_1722$1*] (t1o1_1 t1o1_2);
              [o1_1722$2*]        (t2o1_2);
     [o1_16$2* o1_1722$3*] (t2o1_1 t3o1_2);
     [o1_16$3* o1_1722$4*] (t3o1_1 t4o1_2);

  !o2_22 (NAMEEMOTIONS);
     EM by o2_22*1 (lo2);
     [o2_22$1*] (t1o2);
     [o2_22$2*] (t2o2);
     [o2_22$3*] (t3o2);
     [o2_22$4*] (t4o2);

  !o3_22 (SHARETOYS);
     EM by o3_22*1 (lo3);
     [o3_22$1*] (t1o3);
     [o3_22$2*] (t2o3);
     [o3_22$3*] (t3o3);
     [o3_22$4*] (t4o3);

  !o4_16 & o4_1722 (PlayWell; 2016: _1, 2017-22: _2);
     EM by o4_16*1 o4_1722*1 (lo4);
     [o4_16$1* o4_1722$1*] (t1o4_1 t1o4_2);
              [o4_1722$2*]        (t2o4_2);
     [o4_16$2* o4_1722$3*] (t2o4_1 t3o4_2);
     [o4_16$3* o4_1722$4*] (t3o4_1 t4o4_2);

  !o5_16 & o5_1722 (HurtSad; 2016: _1; 2017-2022: _2);
     EM by o5_16*1 o5_1722*1 (lo5);
     [o5_16$1* o5_1722$1*] (t1o5_1 t1o5_2);
              [o5_1722$2*]          (t2o5_1);
     [o5_16$2* o5_1722$3*] (t2o5_1 t3o5_2);
     [o5_16$3* o5_1722$4*] (t3o5_1 t4o5_2);
  !o6_22 (FOCUSON);
     EM by o6_22*1 (lo6);
     [o6_22$1*] (t1o6);
     [o6_22$2*] (t2o6);
     [o6_22$3*] (t3o6);
     [o6_22$4*] (t4o6);

  !------------------------------------;
  !        Structural parameters;
  !------------------------------------;
  !1. Early Learning Skills;
  !   EL@1;
  !   [EL@0];
  !   EL on age* male* t* d* tXd*;
  !2. Social Emotional Development;
     EM@1;
     [EM@0];
     EM on age male;
     s1 | EM on t;
     s2 | EM on d;
     s3 | EM on tXd;
  !Factor covariances;
  !   EM with EL*;


  !---------------------------------
  !        MNLFA item parameters
  !--------------------------------
  o1_1722 on d* (b0);
  o4_1722 on d* (b1);
  o5_1722 on d* (b2);


  %BETWEEN%



  MODEL PRIORS:

  !o1_16 & o1_1722 (ClearExp; 2016:_1, 2017-22:_2): ;
     diff(t1o1_1, t1o1_2)~ALF(0,1);
     diff(t3o1_1, t4o1_2)~ALF(0,1);

  !o4_16 & o4_1722 (PlayWell; 2016: _1, 2017-22: _2);
     diff(t1o4_1, t1o4_2)~ALF(0,1);
     diff(t3o4_1, t4o4_2)~ALF(0,1);

  !o5_16 & o5_1722 (HurtSad; 2016: _1; 2017-2022: _2);
     diff(t1o5_1, t1o5_2)~ALF(0,1);
     diff(t3o5_1, t4o5_2)~ALF(0,1);

  ! MNFLA
  b0~ALF(0,1);
  b1~ALF(0,1);
  b2~ALF(0,1);

  MODEL CONSTRAINT:

  !o1_16 & o1_1722 (ClearExp; 2016:_1, 2017-22:_2): ;
     new(dt1o1* dt3o1*);
     dt1o1=t1o1_1-t1o1_2;
     dt3o1=t3o1_1-t4o1_2;

  !o4_16 & o4_1722 (PlayWell; 2016: _1, 2017-22: _2);
     new(dt1o4* dt3o4*);
     dt1o4=t1o4_1-t1o4_2;
     dt3o4=t3o4_1-t4o4_2;

  !o5_16 & o5_1722 (HurtSad; 2016: _1; 2017-2022: _2);
     new(dt1o5* dt3o5*);
     dt1o5=t1o5_1-t1o5_2;
     dt3o5=t3o5_1-t4o5_2;

  OUTPUT:
  svalues;

*** WARNING
  Input line exceeded 90 characters. Some input may be truncated.
  !o5_16 & o5_1722 (HurtSad): How often can this child explain things he or she has seen or d
*** WARNING
  Input line exceeded 90 characters. Some input may be truncated.
  !o6_22 (FOCUSON): How often can this child focus on a task you give them for at least a few
*** WARNING
  One or more individual-level variables have no variation within a
  cluster for the following clusters.

     Variable   Cluster IDs with no within-cluster variation

      O2_22       88 53 96 54
      O3_22       76 59 96 75
      O4_16       74 85
      O6_22       66 74 88 55

*** ERROR in MODEL command
  The thresholds of variables on the between and within levels exist only on
  the between level.  Variable used:  O1_16
*** ERROR in MODEL command
  The thresholds of variables on the between and within levels exist only on
  the between level.  Variable used:  O1_1722
*** ERROR in MODEL command
  The thresholds of variables on the between and within levels exist only on
  the between level.  Variable used:  O1_1722
*** ERROR in MODEL command
  The thresholds of variables on the between and within levels exist only on
  the between level.  Variable used:  O1_16
*** ERROR in MODEL command
  The thresholds of variables on the between and within levels exist only on
  the between level.  Variable used:  O1_1722
*** ERROR in MODEL command
  The thresholds of variables on the between and within levels exist only on
  the between level.  Variable used:  O1_16
*** ERROR in MODEL command
  The thresholds of variables on the between and within levels exist only on
  the between level.  Variable used:  O1_1722
*** ERROR in MODEL command
  The thresholds of variables on the between and within levels exist only on
  the between level.  Variable used:  O2_22
*** ERROR in MODEL command
  The thresholds of variables on the between and within levels exist only on
  the between level.  Variable used:  O2_22
*** ERROR in MODEL command
  The thresholds of variables on the between and within levels exist only on
  the between level.  Variable used:  O2_22
*** ERROR in MODEL command
  The thresholds of variables on the between and within levels exist only on
  the between level.  Variable used:  O2_22
*** ERROR in MODEL command
  The thresholds of variables on the between and within levels exist only on
  the between level.  Variable used:  O3_22
*** ERROR in MODEL command
  The thresholds of variables on the between and within levels exist only on
  the between level.  Variable used:  O3_22
*** ERROR in MODEL command
  The thresholds of variables on the between and within levels exist only on
  the between level.  Variable used:  O3_22
*** ERROR in MODEL command
  The thresholds of variables on the between and within levels exist only on
  the between level.  Variable used:  O3_22
*** ERROR in MODEL command
  The thresholds of variables on the between and within levels exist only on
  the between level.  Variable used:  O4_16
*** ERROR in MODEL command
  The thresholds of variables on the between and within levels exist only on
  the between level.  Variable used:  O4_1722
*** ERROR in MODEL command
  The thresholds of variables on the between and within levels exist only on
  the between level.  Variable used:  O4_1722
*** ERROR in MODEL command
  The thresholds of variables on the between and within levels exist only on
  the between level.  Variable used:  O4_16
*** ERROR in MODEL command
  The thresholds of variables on the between and within levels exist only on
  the between level.  Variable used:  O4_1722
*** ERROR in MODEL command
  The thresholds of variables on the between and within levels exist only on
  the between level.  Variable used:  O4_16
*** ERROR in MODEL command
  The thresholds of variables on the between and within levels exist only on
  the between level.  Variable used:  O4_1722
*** ERROR in MODEL command
  The thresholds of variables on the between and within levels exist only on
  the between level.  Variable used:  O5_16
*** ERROR in MODEL command
  The thresholds of variables on the between and within levels exist only on
  the between level.  Variable used:  O5_1722
*** ERROR in MODEL command
  The thresholds of variables on the between and within levels exist only on
  the between level.  Variable used:  O5_1722
*** ERROR in MODEL command
  The thresholds of variables on the between and within levels exist only on
  the between level.  Variable used:  O5_16
*** ERROR in MODEL command
  The thresholds of variables on the between and within levels exist only on
  the between level.  Variable used:  O5_1722
*** ERROR in MODEL command
  The thresholds of variables on the between and within levels exist only on
  the between level.  Variable used:  O5_16
*** ERROR in MODEL command
  The thresholds of variables on the between and within levels exist only on
  the between level.  Variable used:  O5_1722
*** ERROR in MODEL command
  The thresholds of variables on the between and within levels exist only on
  the between level.  Variable used:  O6_22
*** ERROR in MODEL command
  The thresholds of variables on the between and within levels exist only on
  the between level.  Variable used:  O6_22
*** ERROR in MODEL command
  The thresholds of variables on the between and within levels exist only on
  the between level.  Variable used:  O6_22
*** ERROR in MODEL command
  The thresholds of variables on the between and within levels exist only on
  the between level.  Variable used:  O6_22
*** ERROR
  The following MODEL statements are ignored:
  * Statements in the WITHIN level:
    [ O1_16$1 ]
    [ O1_1722$1 ]
    [ O1_1722$2 ]
    [ O1_16$2 ]
    [ O1_1722$3 ]
    [ O1_16$3 ]
    [ O1_1722$4 ]
    [ O2_22$1 ]
    [ O2_22$2 ]
    [ O2_22$3 ]
    [ O2_22$4 ]
    [ O3_22$1 ]
    [ O3_22$2 ]
    [ O3_22$3 ]
    [ O3_22$4 ]
    [ O4_16$1 ]
    [ O4_1722$1 ]
    [ O4_1722$2 ]
    [ O4_16$2 ]
    [ O4_1722$3 ]
    [ O4_16$3 ]
    [ O4_1722$4 ]
    [ O5_16$1 ]
    [ O5_1722$1 ]
    [ O5_1722$2 ]
    [ O5_16$2 ]
    [ O5_1722$3 ]
    [ O5_16$3 ]
    [ O5_1722$4 ]
    [ O6_22$1 ]
    [ O6_22$2 ]
    [ O6_22$3 ]
    [ O6_22$4 ]
*** ERROR
  Unknown parameter label in MODEL CONSTRAINT:  T1O1_1
*** WARNING
  Data set contains cases with missing on all variables except
  x-variables.  These cases were not included in the analysis.
  Number of cases with missing on all variables except x-variables:  892


MUTHEN & MUTHEN
3463 Stoner Ave.
Los Angeles, CA  90066

Tel: (310) 391-9971
Fax: (310) 391-8971
Web: www.StatModel.com
Support: Support@StatModel.com

Copyright (c) 1998-2023 Muthen & Muthen
