Mplus VERSION 8.10
MUTHEN & MUTHEN
04/25/2024   8:06 PM

INPUT INSTRUCTIONS


  TITLE:
  !e1_16 & e1_1722 (RECOGBEGIN): How often can this child recognize the beginning sound of a
  !e2_22 (SAMESOUND): How often can this child come up with words that start with the same s
  !e3_1621 (RHYMEWORD): How well can this child come up with words that rhyme? For example,
  !e3_22 (RHYMEWORD_R): Can this child rhyme words?;
  !e4_16 & e4_1722 (RECOGABC): About how many letters of the alphabet can this child recogni
  !e5_16 & e5_1722 (WriteName): How often can this child write their first name, even if som
  !e6_22 (READONEDIGIT): How often can this child read one-digit numbers? For example, can t
  !e7a_1621 (COUNTTO): How high can this child count?;
  !e7b_22 (COUNTTO_R): If asked to count objects, how high can this child count correctly?;
  !e8_22 (GROUPOFOBJECTS): How often can this child tell which group of objects has more? Fo
  !e9_22 (SIMPLEADDITION): How often can this child correctly do simple addition? For exampl

  DATA:
  FILE = dinking_e.dat;

  VARIABLE:
  NAMES = recnum year stratfip fipsst stratum hhid fwc age male yr16 yr17 yr18
     yr19 yr20 yr21 e1_16 e1_1722 ee1_16 ee1_1722 e2_22 e3_1621 e3_22 e4_16
     e4_1722 ee4_16 ee4_1722 e5_16 e5_1722 ee5_16 ee5_1722 e6_22 e7a_1621 e7b_22
     e8_22 e9_22;
  USEV = age male yr17 yr18 yr19 yr20 yr21 ee1_1722 e2_22 e3_1621
     e3_22 ee4_1722 ee5_1722 e6_22 e7a_1621 e7b_22 e8_22 e9_22;
  CATEGORICAL = ee1_1722 e2_22 e3_1621 e3_22 ee4_1722
     ee5_1722 e6_22 e7a_1621 e7b_22 e8_22 e9_22;
  MISSING = .;
  IDVARIABLE = recnum;
  USEOBS = yr16 EQ 0;
  CLUSTER = fipsst;
  WITHIN = age male yr17-yr21;


  ANALYSIS:
  TYPE = random twolevel;
  ESTIMATOR = mlr;
  ALGORITHM = fs;
  INTEGRATION = gauss(10);
  LINK = logit;
  PROCESSORS = 16;

  MODEL:
       %WITHIN%

       w_el BY ee1_1722*1.19396 (lee1);
       w_el BY e2_22*1.58011 (le2);
       w_el BY e3_1621*1.49729 (le3_1);
       w_el BY e3_22*1.66772 (le3_2);
       w_el BY ee4_1722*1.84072 (lee4);
       w_el BY ee5_1722*2.35026 (lee5);
       w_el BY e6_22*2.16898 (le6);
       w_el BY e7a_1621*2.05033 (le7_1);
       w_el BY e7b_22*1.65689 (le7_2);
       w_el BY e8_22*1.62220 (le8);
       w_el BY e9_22*2.03605 (le9);

       w_el ON age*0.90973;
       w_el ON male*-0.21634;
       w_el ON yr17*0.12470;
       w_el ON yr18*0.13633;
       w_el ON yr19*0.12498;
       w_el ON yr20*0.00193;
       w_el ON yr21*0.01903;

       [ w_el@0 ];

       w_el@1;

       %BETWEEN%

       b_el BY ee1_1722*1.19396 (lee1);
       b_el BY e2_22*1.58011 (le2);
       b_el BY e3_1621*1.49729 (le3_1);
       b_el BY e3_22*1.66772 (le3_2);
       b_el BY ee4_1722*1.84072 (lee4);
       b_el BY ee5_1722*2.35026 (lee5);
       b_el BY e6_22*2.16898 (le6);
       b_el BY e7a_1621*2.05033 (le7_1);
       b_el BY e7b_22*1.65689 (le7_2);
       b_el BY e8_22*1.62220 (le8);
       b_el BY e9_22*2.03605 (le9);

       [ b_el@0 ];

       [ ee1_1722$1*0.45964 ] (t1ee1_2);
       [ ee1_1722$2*1.97114 ] (t2ee1_2);
       [ ee1_1722$3*2.58835 ] (t3ee1_2);
       [ ee1_1722$4*4.48783 ] (t4ee1_2);
       [ e2_22$1*1.71660 ] (t1e2);
       [ e2_22$2*3.36940 ] (t2e2);
       [ e2_22$3*4.04961 ] (t3e2);
       [ e2_22$4*6.05061 ] (t4e2);
       [ e3_1621$1*3.91359 ] (t1e3_1);
       [ e3_22$1*3.35941 ] (t1e3_2);
       [ e3_22$2*4.49780 ] (t2e3_2);
       [ e3_22$3*7.28198 ] (t3e3_2);
       [ ee4_1722$1*1.31306 ] (t1ee4_2);
       [ ee4_1722$2*4.17034 ] (t2ee4_2);
       [ ee4_1722$3*4.94043 ] (t3ee4_2);
       [ ee4_1722$4*6.57552 ] (t4ee4_2);
       [ ee5_1722$1*6.25932 ] (t1ee5_2);
       [ ee5_1722$2*7.30031 ] (t2ee5_2);
       [ ee5_1722$3*7.71669 ] (t3ee5_2);
       [ ee5_1722$4*8.65456 ] (t4ee5_2);
       [ e6_22$1*2.82901 ] (t1e6);
       [ e6_22$2*4.55484 ] (t2e6);
       [ e6_22$3*5.21130 ] (t3e6);
       [ e6_22$4*6.80782 ] (t4e6);
       [ e7a_1621$1*0.58909 ] (t1e7_1);
       [ e7a_1621$2*2.20685 ] (t2e7_1);
       [ e7a_1621$3*5.11810 ] (t3e7_1);
       [ e7a_1621$4*8.57689 ] (t4e7_1);
       [ e7a_1621$5*9.82764 ] (t5e7_1);
       [ e7b_22$1*0.54998 ] (t1e7_2);
       [ e7b_22$2*1.96995 ] (t2e7_2);
       [ e7b_22$3*4.63831 ] (t3e7_2);
       [ e7b_22$4*6.67113 ] (t4e7_2);
       [ e8_22$1*1.66191 ] (t1e8);
       [ e8_22$2*3.15486 ] (t2e8);
       [ e8_22$3*3.72704 ] (t3e8);
       [ e8_22$4*5.52862 ] (t4e8);
       [ e9_22$1*5.17021 ] (t1e9);
       [ e9_22$2*6.83693 ] (t2e9);
       [ e9_22$3*7.49842 ] (t3e9);
       [ e9_22$4*9.29474 ] (t4e9);

       b_el*0.02202;



  OUTPUT:
  svalues;




*** WARNING
  Input line exceeded 90 characters. Some input may be truncated.
  !e2_22 (SAMESOUND): How often can this child come up with words that start with the same so
*** WARNING
  Input line exceeded 90 characters. Some input may be truncated.
  !e3_1621 (RHYMEWORD): How well can this child come up with words that rhyme? For example, c
*** WARNING
  Input line exceeded 90 characters. Some input may be truncated.
  !e4_16 & e4_1722 (RECOGABC): About how many letters of the alphabet can this child recogniz
*** WARNING
  Input line exceeded 90 characters. Some input may be truncated.
  !e5_16 & e5_1722 (WriteName): How often can this child write their first name, even if some
*** WARNING
  Input line exceeded 90 characters. Some input may be truncated.
  !e6_22 (READONEDIGIT): How often can this child read one-digit numbers? For example, can th
*** WARNING
  Input line exceeded 90 characters. Some input may be truncated.
  !e8_22 (GROUPOFOBJECTS): How often can this child tell which group of objects has more? For
*** WARNING
  Input line exceeded 90 characters. Some input may be truncated.
  !e9_22 (SIMPLEADDITION): How often can this child correctly do simple addition? For example
*** WARNING
  Data set contains cases with missing on all variables except
  x-variables.  These cases were not included in the analysis.
  Number of cases with missing on all variables except x-variables:  785
   8 WARNING(S) FOUND IN THE INPUT INSTRUCTIONS




SUMMARY OF ANALYSIS

Number of groups                                                 1
Number of observations                                       41644

Number of dependent variables                                   11
Number of independent variables                                  7
Number of continuous latent variables                            2

Observed dependent variables

  Binary and ordered categorical (ordinal)
   EE1_1722    E2_22       E3_1621     E3_22       EE4_1722    EE5_1722
   E6_22       E7A_1621    E7B_22      E8_22       E9_22

Observed independent variables
   AGE         MALE        YR17        YR18        YR19        YR20
   YR21

Continuous latent variables
   W_EL        B_EL

Variables with special functions

  Cluster variable      FIPSST
  ID variable           RECNUM

  Within variables
   AGE         MALE        YR17        YR18        YR19        YR20
   YR21


Estimator                                                      MLR
Information matrix                                        OBSERVED
Optimization Specifications for the Quasi-Newton Algorithm for
Continuous Outcomes
  Maximum number of iterations                                 100
  Convergence criterion                                  0.100D-05
Optimization Specifications for the EM Algorithm
  Maximum number of iterations                                 500
  Convergence criteria
    Loglikelihood change                                 0.100D-02
    Relative loglikelihood change                        0.100D-05
    Derivative                                           0.100D-02
Optimization Specifications for the M step of the EM Algorithm for
Categorical Latent variables
  Number of M step iterations                                    1
  M step convergence criterion                           0.100D-02
  Basis for M step termination                           ITERATION
Optimization Specifications for the M step of the EM Algorithm for
Censored, Binary or Ordered Categorical (Ordinal), Unordered
Categorical (Nominal) and Count Outcomes
  Number of M step iterations                                    1
  M step convergence criterion                           0.100D-02
  Basis for M step termination                           ITERATION
  Maximum value for logit thresholds                            15
  Minimum value for logit thresholds                           -15
  Minimum expected cell size for chi-square              0.100D-01
Maximum number of iterations for H1                           2000
Convergence criterion for H1                             0.100D-03
Optimization algorithm                                          FS
Integration Specifications
  Type                                                GAUSSHERMITE
  Number of integration points                                  10
  Dimensions of numerical integration                            2
  Adaptive quadrature                                           ON
Link                                                         LOGIT
Cholesky                                                        ON

Input data file(s)
  dinking_e.dat
Input data format  FREE


SUMMARY OF DATA

     Number of missing data patterns            73
     Number of y missing data patterns           0
     Number of u missing data patterns          73
     Number of clusters                         51



COVARIANCE COVERAGE OF DATA

Minimum covariance coverage value   0.100


     PROPORTION OF DATA PRESENT FOR U


           Covariance Coverage
              EE1_1722      E2_22         E3_1621       E3_22         EE4_1722
              ________      ________      ________      ________      ________
 EE1_1722       0.996
 E2_22          0.259         0.260
 E3_1621        0.732         0.000         0.734
 E3_22          0.259         0.259         0.000         0.260
 EE4_1722       0.994         0.259         0.733         0.259         0.997
 EE5_1722       0.993         0.260         0.731         0.260         0.993
 E6_22          0.259         0.259         0.000         0.259         0.259
 E7A_1621       0.734         0.000         0.733         0.000         0.735
 E7B_22         0.259         0.259         0.000         0.259         0.259
 E8_22          0.259         0.258         0.000         0.259         0.259
 E9_22          0.259         0.259         0.000         0.259         0.259


           Covariance Coverage
              EE5_1722      E6_22         E7A_1621      E7B_22        E8_22
              ________      ________      ________      ________      ________
 EE5_1722       0.996
 E6_22          0.260         0.260
 E7A_1621       0.734         0.000         0.737
 E7B_22         0.260         0.259         0.000         0.260
 E8_22          0.259         0.259         0.000         0.259         0.260
 E9_22          0.260         0.259         0.000         0.259         0.259


           Covariance Coverage
              E9_22
              ________
 E9_22          0.260


UNIVARIATE PROPORTIONS AND COUNTS FOR CATEGORICAL VARIABLES

    EE1_1722
      Category 1    0.056         2322.000
      Category 2    0.105         4343.000
      Category 3    0.071         2934.000
      Category 4    0.317        13142.000
      Category 5    0.452        18745.000
    E2_22
      Category 1    0.083          900.000
      Category 2    0.126         1368.000
      Category 3    0.079          850.000
      Category 4    0.299         3234.000
      Category 5    0.413         4471.000
    E3_1621
      Category 1    0.301         9203.000
      Category 2    0.699        21377.000
    E3_22
      Category 1    0.195         2105.000
      Category 2    0.132         1427.000
      Category 3    0.389         4210.000
      Category 4    0.285         3080.000
    EE4_1722
      Category 1    0.042         1738.000
      Category 2    0.170         7068.000
      Category 3    0.082         3421.000
      Category 4    0.222         9204.000
      Category 5    0.484        20080.000
    EE5_1722
      Category 1    0.289        11994.000
      Category 2    0.111         4623.000
      Category 3    0.046         1925.000
      Category 4    0.106         4412.000
      Category 5    0.447        18523.000
    E6_22
      Category 1    0.081          875.000
      Category 2    0.102         1106.000
      Category 3    0.055          595.000
      Category 4    0.176         1909.000
      Category 5    0.586         6343.000
    E7A_1621
      Category 1    0.018          561.000
      Category 2    0.036         1118.000
      Category 3    0.200         6147.000
      Category 4    0.419        12852.000
      Category 5    0.125         3845.000
      Category 6    0.201         6161.000
    E7B_22
      Category 1    0.034          364.000
      Category 2    0.055          594.000
      Category 3    0.264         2855.000
      Category 4    0.291         3152.000
      Category 5    0.357         3869.000
    E8_22
      Category 1    0.076          821.000
      Category 2    0.105         1140.000
      Category 3    0.059          637.000
      Category 4    0.248         2677.000
      Category 5    0.512         5532.000
    E9_22
      Category 1    0.279         3016.000
      Category 2    0.198         2146.000
      Category 3    0.084          911.000
      Category 4    0.208         2246.000
      Category 5    0.231         2501.000



UNIVARIATE SAMPLE STATISTICS


     UNIVARIATE HIGHER-ORDER MOMENT DESCRIPTIVE STATISTICS

         Variable/         Mean/     Skewness/   Minimum/ % with                Percentiles
        Sample Size      Variance    Kurtosis    Maximum  Min/Max      20%/60%    40%/80%    Median

     AGE                   4.000      -0.001       3.000   33.38%       3.000      4.000      4.000
           41644.000       0.668      -1.503       5.000   33.42%       4.000      5.000
     MALE                  0.515      -0.060       0.000   48.51%       0.000      0.000      1.000
           41644.000       0.250      -1.996       1.000   51.49%       1.000      1.000
     YR17                  0.076       3.201       0.000   92.40%       0.000      0.000      0.000
           41644.000       0.070       8.244       1.000    7.60%       0.000      0.000
     YR18                  0.108       2.521       0.000   89.17%       0.000      0.000      0.000
           41644.000       0.097       4.357       1.000   10.83%       0.000      0.000
     YR19                  0.110       2.487       0.000   88.96%       0.000      0.000      0.000
           41644.000       0.098       4.183       1.000   11.04%       0.000      0.000
     YR20                  0.160       1.858       0.000   84.03%       0.000      0.000      0.000
           41644.000       0.134       1.452       1.000   15.97%       0.000      0.000
     YR21                  0.284       0.956       0.000   71.57%       0.000      0.000      0.000
           41644.000       0.203      -1.085       1.000   28.43%       0.000      1.000

     THE STANDARD ERRORS OF THE MODEL PARAMETER ESTIMATES MAY NOT BE
     TRUSTWORTHY FOR SOME PARAMETERS DUE TO A NON-POSITIVE DEFINITE
     FIRST-ORDER DERIVATIVE PRODUCT MATRIX.  THIS MAY BE DUE TO THE STARTING
     VALUES BUT MAY ALSO BE AN INDICATION OF MODEL NONIDENTIFICATION.  THE
     CONDITION NUMBER IS      -0.645D-17.  PROBLEM INVOLVING THE FOLLOWING PARAMETER:
     Parameter 53, %BETWEEN%: [ E8_22$1 ] (equality/label)

     THE NONIDENTIFICATION IS MOST LIKELY DUE TO HAVING MORE PARAMETERS THAN THE
     NUMBER OF CLUSTERS. REDUCE THE NUMBER OF PARAMETERS.


THE MODEL ESTIMATION TERMINATED NORMALLY

  ERROR OCCURRED IN THE BRANT WALD TEST FOR PROPORTIONAL ODDS FOR E2_22.

  ERROR OCCURRED IN THE BRANT WALD TEST FOR PROPORTIONAL ODDS FOR E3_22.

  ERROR OCCURRED IN THE BRANT WALD TEST FOR PROPORTIONAL ODDS FOR E6_22.

  ERROR OCCURRED IN THE BRANT WALD TEST FOR PROPORTIONAL ODDS FOR E8_22.

  ERROR OCCURRED IN THE BRANT WALD TEST FOR PROPORTIONAL ODDS FOR E9_22.



MODEL FIT INFORMATION

Number of Free Parameters                       60

Loglikelihood

          H0 Value                     -261291.295
          H0 Scaling Correction Factor      1.4201
            for MLR

Information Criteria

          Akaike (AIC)                  522702.590
          Bayesian (BIC)                523220.805
          Sample-Size Adjusted BIC      523030.124
            (n* = (n + 2) / 24)



MODEL RESULTS

                                                    Two-Tailed
                    Estimate       S.E.  Est./S.E.    P-Value

Within Level

 W_EL     BY
    EE1_1722           1.170      0.019     61.878      0.000
    E2_22              1.554      0.031     50.412      0.000
    E3_1621            1.472      0.025     59.544      0.000
    E3_22              1.646      0.032     51.827      0.000
    EE4_1722           1.803      0.023     78.541      0.000
    EE5_1722           2.339      0.027     86.159      0.000
    E6_22              2.134      0.051     41.578      0.000
    E7A_1621           2.014      0.030     67.497      0.000
    E7B_22             1.637      0.033     49.879      0.000
    E8_22              1.599      0.028     57.531      0.000
    E9_22              2.011      0.045     44.377      0.000

 W_EL       ON
    AGE                0.959      0.015     65.768      0.000
    MALE              -0.208      0.012    -16.903      0.000
    YR17               0.153      0.027      5.590      0.000
    YR18               0.166      0.024      6.849      0.000
    YR19               0.154      0.020      7.577      0.000
    YR20               0.028      0.019      1.507      0.132
    YR21               0.045      0.017      2.661      0.008

 Intercepts
    W_EL               0.000      0.000    999.000    999.000

 Residual Variances
    W_EL               1.000      0.000    999.000    999.000

Between Level

 B_EL     BY
    EE1_1722           1.170      0.019     61.878      0.000
    E2_22              1.554      0.031     50.412      0.000
    E3_1621            1.472      0.025     59.544      0.000
    E3_22              1.646      0.032     51.827      0.000
    EE4_1722           1.803      0.023     78.541      0.000
    EE5_1722           2.339      0.027     86.159      0.000
    E6_22              2.134      0.051     41.578      0.000
    E7A_1621           2.014      0.030     67.497      0.000
    E7B_22             1.637      0.033     49.879      0.000
    E8_22              1.599      0.028     57.531      0.000
    E9_22              2.011      0.045     44.377      0.000

 Means
    B_EL               0.000      0.000    999.000    999.000

 Thresholds
    EE1_1722$1         0.742      0.078      9.502      0.000
    EE1_1722$2         2.250      0.075     29.870      0.000
    EE1_1722$3         2.865      0.075     38.041      0.000
    EE1_1722$4         4.760      0.081     58.516      0.000
    E2_22$1            2.097      0.095     22.031      0.000
    E2_22$2            3.746      0.107     35.045      0.000
    E2_22$3            4.425      0.110     40.400      0.000
    E2_22$4            6.422      0.121     53.188      0.000
    E3_1621$1          4.275      0.111     38.663      0.000
    E3_22$1            3.774      0.134     28.181      0.000
    E3_22$2            4.913      0.140     35.189      0.000
    E3_22$3            7.696      0.176     43.735      0.000
    EE4_1722$1         1.752      0.085     20.722      0.000
    EE4_1722$2         4.595      0.087     52.891      0.000
    EE4_1722$3         5.362      0.088     60.765      0.000
    EE4_1722$4         6.990      0.099     70.402      0.000
    EE5_1722$1         6.915      0.135     51.226      0.000
    EE5_1722$2         7.965      0.143     55.887      0.000
    EE5_1722$3         8.385      0.146     57.475      0.000
    EE5_1722$4         9.330      0.150     62.106      0.000
    E6_22$1            3.355      0.140     23.897      0.000
    E6_22$2            5.077      0.144     35.272      0.000
    E6_22$3            5.732      0.150     38.204      0.000
    E6_22$4            7.326      0.168     43.660      0.000
    E7A_1621$1         1.100      0.108     10.216      0.000
    E7A_1621$2         2.709      0.109     24.879      0.000
    E7A_1621$3         5.609      0.116     48.397      0.000
    E7A_1621$4         9.063      0.145     62.713      0.000
    E7A_1621$5        10.311      0.159     65.046      0.000
    E7B_22$1           0.966      0.100      9.688      0.000
    E7B_22$2           2.386      0.090     26.477      0.000
    E7B_22$3           5.055      0.120     42.233      0.000
    E7B_22$4           7.089      0.142     49.769      0.000
    E8_22$1            2.061      0.113     18.296      0.000
    E8_22$2            3.553      0.109     32.734      0.000
    E8_22$3            4.124      0.113     36.656      0.000
    E8_22$4            5.925      0.121     48.932      0.000
    E9_22$1            5.681      0.149     38.033      0.000
    E9_22$2            7.350      0.171     43.073      0.000
    E9_22$3            8.012      0.171     46.884      0.000
    E9_22$4            9.807      0.192     51.137      0.000

 Variances
    B_EL               0.018      0.005      3.786      0.000


QUALITY OF NUMERICAL RESULTS

     Condition Number for the Information Matrix             -0.645E-17
       (ratio of smallest to largest eigenvalue)


RESULTS IN PROBABILITY SCALE

                    Estimate

Within Level


Between Level

 EE1_1722
    Category 1         0.056
    Category 2         0.113
    Category 3         0.076
    Category 4         0.311
    Category 5         0.444
 E2_22
    Category 1         0.078
    Category 2         0.132
    Category 3         0.081
    Category 4         0.288
    Category 5         0.421
 E3_1621
    Category 1         0.306
    Category 2         0.694
 E3_22
    Category 1         0.186
    Category 2         0.129
    Category 3         0.386
    Category 4         0.299
 EE4_1722
    Category 1         0.041
    Category 2         0.181
    Category 3         0.085
    Category 4         0.213
    Category 5         0.479
 EE5_1722
    Category 1         0.290
    Category 2         0.109
    Category 3         0.046
    Category 4         0.106
    Category 5         0.449
 E6_22
    Category 1         0.074
    Category 2         0.106
    Category 3         0.057
    Category 4         0.171
    Category 5         0.592
 E7A_1621
    Category 1         0.019
    Category 2         0.040
    Category 3         0.202
    Category 4         0.413
    Category 5         0.128
    Category 6         0.199
 E7B_22
    Category 1         0.029
    Category 2         0.053
    Category 3         0.255
    Category 4         0.288
    Category 5         0.374
 E8_22
    Category 1         0.070
    Category 2         0.107
    Category 3         0.060
    Category 4         0.242
    Category 5         0.520
 E9_22
    Category 1         0.269
    Category 2         0.196
    Category 3         0.083
    Category 4         0.207
    Category 5         0.245


BRANT WALD TEST FOR PROPORTIONAL ODDS

                                   Degrees of
                      Chi-Square     Freedom   P-Value

  EE1_1722
    Overall test         490.939        21      0.000
    AGE                  427.354         3      0.000
    MALE                  24.417         3      0.000
    YR17                   6.013         3      0.111
    YR18                  25.672         3      0.000
    YR19                  22.947         3      0.000
    YR20                  15.658         3      0.001
    YR21                  12.082         3      0.007

  EE4_1722
    Overall test         344.234        21      0.000
    AGE                  278.061         3      0.000
    MALE                  60.783         3      0.000
    YR17                   3.758         3      0.289
    YR18                   1.066         3      0.785
    YR19                   1.391         3      0.708
    YR20                   1.197         3      0.754
    YR21                   5.263         3      0.153

  EE5_1722
    Overall test         137.947        21      0.000
    AGE                   83.519         3      0.000
    MALE                  15.373         3      0.002
    YR17                   6.954         3      0.073
    YR18                   1.133         3      0.769
    YR19                   1.293         3      0.731
    YR20                  12.293         3      0.006
    YR21                   9.122         3      0.028

  E7A_1621
    Overall test         539.761        28      0.000
    AGE                  345.538         4      0.000
    MALE                 175.812         4      0.000
    YR17                   0.080         4      0.999
    YR18                   0.085         4      0.999
    YR19                   0.086         4      0.999
    YR20                   0.082         4      0.999
    YR21                   0.079         4      0.999

  E7B_22
    Overall test         120.085        21      0.000
    AGE                   79.834         3      0.000
    MALE                  39.241         3      0.000
    YR17                   0.002         3      1.000
    YR18                   0.003         3      1.000
    YR19                   0.003         3      1.000
    YR20                   0.004         3      1.000
    YR21                   0.007         3      1.000


MODEL COMMAND WITH FINAL ESTIMATES USED AS STARTING VALUES

     %WITHIN%

     w_el BY ee1_1722*1.17026 (lee1);
     w_el BY e2_22*1.55381 (le2);
     w_el BY e3_1621*1.47169 (le3_1);
     w_el BY e3_22*1.64582 (le3_2);
     w_el BY ee4_1722*1.80282 (lee4);
     w_el BY ee5_1722*2.33931 (lee5);
     w_el BY e6_22*2.13416 (le6);
     w_el BY e7a_1621*2.01394 (le7_1);
     w_el BY e7b_22*1.63652 (le7_2);
     w_el BY e8_22*1.59881 (le8);
     w_el BY e9_22*2.01072 (le9);

     w_el ON age*0.95884;
     w_el ON male*-0.20789;
     w_el ON yr17*0.15328;
     w_el ON yr18*0.16555;
     w_el ON yr19*0.15358;
     w_el ON yr20*0.02835;
     w_el ON yr21*0.04493;

     [ w_el@0 ];

     w_el@1;

     %BETWEEN%

     b_el BY ee1_1722*1.17026 (lee1);
     b_el BY e2_22*1.55381 (le2);
     b_el BY e3_1621*1.47169 (le3_1);
     b_el BY e3_22*1.64582 (le3_2);
     b_el BY ee4_1722*1.80282 (lee4);
     b_el BY ee5_1722*2.33931 (lee5);
     b_el BY e6_22*2.13416 (le6);
     b_el BY e7a_1621*2.01394 (le7_1);
     b_el BY e7b_22*1.63652 (le7_2);
     b_el BY e8_22*1.59881 (le8);
     b_el BY e9_22*2.01072 (le9);

     [ b_el@0 ];

     [ ee1_1722$1*0.74242 ] (t1ee1_2);
     [ ee1_1722$2*2.24960 ] (t2ee1_2);
     [ ee1_1722$3*2.86512 ] (t3ee1_2);
     [ ee1_1722$4*4.75971 ] (t4ee1_2);
     [ e2_22$1*2.09684 ] (t1e2);
     [ e2_22$2*3.74620 ] (t2e2);
     [ e2_22$3*4.42508 ] (t3e2);
     [ e2_22$4*6.42178 ] (t4e2);
     [ e3_1621$1*4.27484 ] (t1e3_1);
     [ e3_22$1*3.77412 ] (t1e3_2);
     [ e3_22$2*4.91272 ] (t2e3_2);
     [ e3_22$3*7.69637 ] (t3e3_2);
     [ ee4_1722$1*1.75210 ] (t1ee4_2);
     [ ee4_1722$2*4.59499 ] (t2ee4_2);
     [ ee4_1722$3*5.36191 ] (t3ee4_2);
     [ ee4_1722$4*6.99040 ] (t4ee4_2);
     [ ee5_1722$1*6.91544 ] (t1ee5_2);
     [ ee5_1722$2*7.96473 ] (t2ee5_2);
     [ ee5_1722$3*8.38469 ] (t3ee5_2);
     [ ee5_1722$4*9.33037 ] (t4ee5_2);
     [ e6_22$1*3.35460 ] (t1e6);
     [ e6_22$2*5.07704 ] (t2e6);
     [ e6_22$3*5.73237 ] (t3e6);
     [ e6_22$4*7.32574 ] (t4e6);
     [ e7a_1621$1*1.09987 ] (t1e7_1);
     [ e7a_1621$2*2.70893 ] (t2e7_1);
     [ e7a_1621$3*5.60928 ] (t3e7_1);
     [ e7a_1621$4*9.06250 ] (t4e7_1);
     [ e7a_1621$5*10.31135 ] (t5e7_1);
     [ e7b_22$1*0.96629 ] (t1e7_2);
     [ e7b_22$2*2.38553 ] (t2e7_2);
     [ e7b_22$3*5.05478 ] (t3e7_2);
     [ e7b_22$4*7.08872 ] (t4e7_2);
     [ e8_22$1*2.06091 ] (t1e8);
     [ e8_22$2*3.55254 ] (t2e8);
     [ e8_22$3*4.12437 ] (t3e8);
     [ e8_22$4*5.92472 ] (t4e8);
     [ e9_22$1*5.68093 ] (t1e9);
     [ e9_22$2*7.34957 ] (t2e9);
     [ e9_22$3*8.01151 ] (t3e9);
     [ e9_22$4*9.80694 ] (t4e9);

     b_el*0.01780;



TECHNICAL 1 OUTPUT


     PARAMETER SPECIFICATION FOR WITHIN


           TAU
              EE1_1722      EE1_1722      EE1_1722      EE1_1722      E2_22$1
              ________      ________      ________      ________      ________
                    0             0             0             0             0


           TAU
              E2_22$2       E2_22$3       E2_22$4       E3_1621$      E3_22$1
              ________      ________      ________      ________      ________
                    0             0             0             0             0


           TAU
              E3_22$2       E3_22$3       EE4_1722      EE4_1722      EE4_1722
              ________      ________      ________      ________      ________
                    0             0             0             0             0


           TAU
              EE4_1722      EE5_1722      EE5_1722      EE5_1722      EE5_1722
              ________      ________      ________      ________      ________
                    0             0             0             0             0


           TAU
              E6_22$1       E6_22$2       E6_22$3       E6_22$4       E7A_1621
              ________      ________      ________      ________      ________
                    0             0             0             0             0


           TAU
              E7A_1621      E7A_1621      E7A_1621      E7A_1621      E7B_22$1
              ________      ________      ________      ________      ________
                    0             0             0             0             0


           TAU
              E7B_22$2      E7B_22$3      E7B_22$4      E8_22$1       E8_22$2
              ________      ________      ________      ________      ________
                    0             0             0             0             0


           TAU
              E8_22$3       E8_22$4       E9_22$1       E9_22$2       E9_22$3
              ________      ________      ________      ________      ________
                    0             0             0             0             0


           TAU
              E9_22$4
              ________
                    0


           NU
              EE1_1722      E2_22         E3_1621       E3_22         EE4_1722
              ________      ________      ________      ________      ________
                    0             0             0             0             0


           NU
              EE5_1722      E6_22         E7A_1621      E7B_22        E8_22
              ________      ________      ________      ________      ________
                    0             0             0             0             0


           NU
              E9_22         AGE           MALE          YR17          YR18
              ________      ________      ________      ________      ________
                    0             0             0             0             0


           NU
              YR19          YR20          YR21
              ________      ________      ________
                    0             0             0


           LAMBDA
              W_EL          AGE           MALE          YR17          YR18
              ________      ________      ________      ________      ________
 EE1_1722           1             0             0             0             0
 E2_22              2             0             0             0             0
 E3_1621            3             0             0             0             0
 E3_22              4             0             0             0             0
 EE4_1722           5             0             0             0             0
 EE5_1722           6             0             0             0             0
 E6_22              7             0             0             0             0
 E7A_1621           8             0             0             0             0
 E7B_22             9             0             0             0             0
 E8_22             10             0             0             0             0
 E9_22             11             0             0             0             0
 AGE                0             0             0             0             0
 MALE               0             0             0             0             0
 YR17               0             0             0             0             0
 YR18               0             0             0             0             0
 YR19               0             0             0             0             0
 YR20               0             0             0             0             0
 YR21               0             0             0             0             0


           LAMBDA
              YR19          YR20          YR21
              ________      ________      ________
 EE1_1722           0             0             0
 E2_22              0             0             0
 E3_1621            0             0             0
 E3_22              0             0             0
 EE4_1722           0             0             0
 EE5_1722           0             0             0
 E6_22              0             0             0
 E7A_1621           0             0             0
 E7B_22             0             0             0
 E8_22              0             0             0
 E9_22              0             0             0
 AGE                0             0             0
 MALE               0             0             0
 YR17               0             0             0
 YR18               0             0             0
 YR19               0             0             0
 YR20               0             0             0
 YR21               0             0             0


           THETA
              EE1_1722      E2_22         E3_1621       E3_22         EE4_1722
              ________      ________      ________      ________      ________
 EE1_1722           0
 E2_22              0             0
 E3_1621            0             0             0
 E3_22              0             0             0             0
 EE4_1722           0             0             0             0             0
 EE5_1722           0             0             0             0             0
 E6_22              0             0             0             0             0
 E7A_1621           0             0             0             0             0
 E7B_22             0             0             0             0             0
 E8_22              0             0             0             0             0
 E9_22              0             0             0             0             0
 AGE                0             0             0             0             0
 MALE               0             0             0             0             0
 YR17               0             0             0             0             0
 YR18               0             0             0             0             0
 YR19               0             0             0             0             0
 YR20               0             0             0             0             0
 YR21               0             0             0             0             0


           THETA
              EE5_1722      E6_22         E7A_1621      E7B_22        E8_22
              ________      ________      ________      ________      ________
 EE5_1722           0
 E6_22              0             0
 E7A_1621           0             0             0
 E7B_22             0             0             0             0
 E8_22              0             0             0             0             0
 E9_22              0             0             0             0             0
 AGE                0             0             0             0             0
 MALE               0             0             0             0             0
 YR17               0             0             0             0             0
 YR18               0             0             0             0             0
 YR19               0             0             0             0             0
 YR20               0             0             0             0             0
 YR21               0             0             0             0             0


           THETA
              E9_22         AGE           MALE          YR17          YR18
              ________      ________      ________      ________      ________
 E9_22              0
 AGE                0             0
 MALE               0             0             0
 YR17               0             0             0             0
 YR18               0             0             0             0             0
 YR19               0             0             0             0             0
 YR20               0             0             0             0             0
 YR21               0             0             0             0             0


           THETA
              YR19          YR20          YR21
              ________      ________      ________
 YR19               0
 YR20               0             0
 YR21               0             0             0


           ALPHA
              W_EL          AGE           MALE          YR17          YR18
              ________      ________      ________      ________      ________
                    0             0             0             0             0


           ALPHA
              YR19          YR20          YR21
              ________      ________      ________
                    0             0             0


           BETA
              W_EL          AGE           MALE          YR17          YR18
              ________      ________      ________      ________      ________
 W_EL               0            12            13            14            15
 AGE                0             0             0             0             0
 MALE               0             0             0             0             0
 YR17               0             0             0             0             0
 YR18               0             0             0             0             0
 YR19               0             0             0             0             0
 YR20               0             0             0             0             0
 YR21               0             0             0             0             0


           BETA
              YR19          YR20          YR21
              ________      ________      ________
 W_EL              16            17            18
 AGE                0             0             0
 MALE               0             0             0
 YR17               0             0             0
 YR18               0             0             0
 YR19               0             0             0
 YR20               0             0             0
 YR21               0             0             0


           PSI
              W_EL          AGE           MALE          YR17          YR18
              ________      ________      ________      ________      ________
 W_EL               0
 AGE                0             0
 MALE               0             0             0
 YR17               0             0             0             0
 YR18               0             0             0             0             0
 YR19               0             0             0             0             0
 YR20               0             0             0             0             0
 YR21               0             0             0             0             0


           PSI
              YR19          YR20          YR21
              ________      ________      ________
 YR19               0
 YR20               0             0
 YR21               0             0             0


     PARAMETER SPECIFICATION FOR BETWEEN


           TAU
              EE1_1722      EE1_1722      EE1_1722      EE1_1722      E2_22$1
              ________      ________      ________      ________      ________
                   20            21            22            23            24


           TAU
              E2_22$2       E2_22$3       E2_22$4       E3_1621$      E3_22$1
              ________      ________      ________      ________      ________
                   25            26            27            28            29


           TAU
              E3_22$2       E3_22$3       EE4_1722      EE4_1722      EE4_1722
              ________      ________      ________      ________      ________
                   30            31            32            33            34


           TAU
              EE4_1722      EE5_1722      EE5_1722      EE5_1722      EE5_1722
              ________      ________      ________      ________      ________
                   35            36            37            38            39


           TAU
              E6_22$1       E6_22$2       E6_22$3       E6_22$4       E7A_1621
              ________      ________      ________      ________      ________
                   40            41            42            43            44


           TAU
              E7A_1621      E7A_1621      E7A_1621      E7A_1621      E7B_22$1
              ________      ________      ________      ________      ________
                   45            46            47            48            49


           TAU
              E7B_22$2      E7B_22$3      E7B_22$4      E8_22$1       E8_22$2
              ________      ________      ________      ________      ________
                   50            51            52            53            54


           TAU
              E8_22$3       E8_22$4       E9_22$1       E9_22$2       E9_22$3
              ________      ________      ________      ________      ________
                   55            56            57            58            59


           TAU
              E9_22$4
              ________
                   60


           NU
              EE1_1722      E2_22         E3_1621       E3_22         EE4_1722
              ________      ________      ________      ________      ________
                    0             0             0             0             0


           NU
              EE5_1722      E6_22         E7A_1621      E7B_22        E8_22
              ________      ________      ________      ________      ________
                    0             0             0             0             0


           NU
              E9_22
              ________
                    0


           LAMBDA
              B_EL
              ________
 EE1_1722           1
 E2_22              2
 E3_1621            3
 E3_22              4
 EE4_1722           5
 EE5_1722           6
 E6_22              7
 E7A_1621           8
 E7B_22             9
 E8_22             10
 E9_22             11


           THETA
              EE1_1722      E2_22         E3_1621       E3_22         EE4_1722
              ________      ________      ________      ________      ________
 EE1_1722           0
 E2_22              0             0
 E3_1621            0             0             0
 E3_22              0             0             0             0
 EE4_1722           0             0             0             0             0
 EE5_1722           0             0             0             0             0
 E6_22              0             0             0             0             0
 E7A_1621           0             0             0             0             0
 E7B_22             0             0             0             0             0
 E8_22              0             0             0             0             0
 E9_22              0             0             0             0             0


           THETA
              EE5_1722      E6_22         E7A_1621      E7B_22        E8_22
              ________      ________      ________      ________      ________
 EE5_1722           0
 E6_22              0             0
 E7A_1621           0             0             0
 E7B_22             0             0             0             0
 E8_22              0             0             0             0             0
 E9_22              0             0             0             0             0


           THETA
              E9_22
              ________
 E9_22              0


           ALPHA
              B_EL
              ________
                    0


           BETA
              B_EL
              ________
 B_EL               0


           PSI
              B_EL
              ________
 B_EL              19


     STARTING VALUES FOR WITHIN


           TAU
              EE1_1722      EE1_1722      EE1_1722      EE1_1722      E2_22$1
              ________      ________      ________      ________      ________
                0.000         0.000         0.000         0.000         0.000


           TAU
              E2_22$2       E2_22$3       E2_22$4       E3_1621$      E3_22$1
              ________      ________      ________      ________      ________
                0.000         0.000         0.000         0.000         0.000


           TAU
              E3_22$2       E3_22$3       EE4_1722      EE4_1722      EE4_1722
              ________      ________      ________      ________      ________
                0.000         0.000         0.000         0.000         0.000


           TAU
              EE4_1722      EE5_1722      EE5_1722      EE5_1722      EE5_1722
              ________      ________      ________      ________      ________
                0.000         0.000         0.000         0.000         0.000


           TAU
              E6_22$1       E6_22$2       E6_22$3       E6_22$4       E7A_1621
              ________      ________      ________      ________      ________
                0.000         0.000         0.000         0.000         0.000


           TAU
              E7A_1621      E7A_1621      E7A_1621      E7A_1621      E7B_22$1
              ________      ________      ________      ________      ________
                0.000         0.000         0.000         0.000         0.000


           TAU
              E7B_22$2      E7B_22$3      E7B_22$4      E8_22$1       E8_22$2
              ________      ________      ________      ________      ________
                0.000         0.000         0.000         0.000         0.000


           TAU
              E8_22$3       E8_22$4       E9_22$1       E9_22$2       E9_22$3
              ________      ________      ________      ________      ________
                0.000         0.000         0.000         0.000         0.000


           TAU
              E9_22$4
              ________
                0.000


           NU
              EE1_1722      E2_22         E3_1621       E3_22         EE4_1722
              ________      ________      ________      ________      ________
                0.000         0.000         0.000         0.000         0.000


           NU
              EE5_1722      E6_22         E7A_1621      E7B_22        E8_22
              ________      ________      ________      ________      ________
                0.000         0.000         0.000         0.000         0.000


           NU
              E9_22         AGE           MALE          YR17          YR18
              ________      ________      ________      ________      ________
                0.000         0.000         0.000         0.000         0.000


           NU
              YR19          YR20          YR21
              ________      ________      ________
                0.000         0.000         0.000


           LAMBDA
              W_EL          AGE           MALE          YR17          YR18
              ________      ________      ________      ________      ________
 EE1_1722       1.194         0.000         0.000         0.000         0.000
 E2_22          1.580         0.000         0.000         0.000         0.000
 E3_1621        1.497         0.000         0.000         0.000         0.000
 E3_22          1.668         0.000         0.000         0.000         0.000
 EE4_1722       1.841         0.000         0.000         0.000         0.000
 EE5_1722       2.350         0.000         0.000         0.000         0.000
 E6_22          2.169         0.000         0.000         0.000         0.000
 E7A_1621       2.050         0.000         0.000         0.000         0.000
 E7B_22         1.657         0.000         0.000         0.000         0.000
 E8_22          1.622         0.000         0.000         0.000         0.000
 E9_22          2.036         0.000         0.000         0.000         0.000
 AGE            0.000         1.000         0.000         0.000         0.000
 MALE           0.000         0.000         1.000         0.000         0.000
 YR17           0.000         0.000         0.000         1.000         0.000
 YR18           0.000         0.000         0.000         0.000         1.000
 YR19           0.000         0.000         0.000         0.000         0.000
 YR20           0.000         0.000         0.000         0.000         0.000
 YR21           0.000         0.000         0.000         0.000         0.000


           LAMBDA
              YR19          YR20          YR21
              ________      ________      ________
 EE1_1722       0.000         0.000         0.000
 E2_22          0.000         0.000         0.000
 E3_1621        0.000         0.000         0.000
 E3_22          0.000         0.000         0.000
 EE4_1722       0.000         0.000         0.000
 EE5_1722       0.000         0.000         0.000
 E6_22          0.000         0.000         0.000
 E7A_1621       0.000         0.000         0.000
 E7B_22         0.000         0.000         0.000
 E8_22          0.000         0.000         0.000
 E9_22          0.000         0.000         0.000
 AGE            0.000         0.000         0.000
 MALE           0.000         0.000         0.000
 YR17           0.000         0.000         0.000
 YR18           0.000         0.000         0.000
 YR19           1.000         0.000         0.000
 YR20           0.000         1.000         0.000
 YR21           0.000         0.000         1.000


           THETA
              EE1_1722      E2_22         E3_1621       E3_22         EE4_1722
              ________      ________      ________      ________      ________
 EE1_1722       1.000
 E2_22          0.000         1.000
 E3_1621        0.000         0.000         1.000
 E3_22          0.000         0.000         0.000         1.000
 EE4_1722       0.000         0.000         0.000         0.000         1.000
 EE5_1722       0.000         0.000         0.000         0.000         0.000
 E6_22          0.000         0.000         0.000         0.000         0.000
 E7A_1621       0.000         0.000         0.000         0.000         0.000
 E7B_22         0.000         0.000         0.000         0.000         0.000
 E8_22          0.000         0.000         0.000         0.000         0.000
 E9_22          0.000         0.000         0.000         0.000         0.000
 AGE            0.000         0.000         0.000         0.000         0.000
 MALE           0.000         0.000         0.000         0.000         0.000
 YR17           0.000         0.000         0.000         0.000         0.000
 YR18           0.000         0.000         0.000         0.000         0.000
 YR19           0.000         0.000         0.000         0.000         0.000
 YR20           0.000         0.000         0.000         0.000         0.000
 YR21           0.000         0.000         0.000         0.000         0.000


           THETA
              EE5_1722      E6_22         E7A_1621      E7B_22        E8_22
              ________      ________      ________      ________      ________
 EE5_1722       1.000
 E6_22          0.000         1.000
 E7A_1621       0.000         0.000         1.000
 E7B_22         0.000         0.000         0.000         1.000
 E8_22          0.000         0.000         0.000         0.000         1.000
 E9_22          0.000         0.000         0.000         0.000         0.000
 AGE            0.000         0.000         0.000         0.000         0.000
 MALE           0.000         0.000         0.000         0.000         0.000
 YR17           0.000         0.000         0.000         0.000         0.000
 YR18           0.000         0.000         0.000         0.000         0.000
 YR19           0.000         0.000         0.000         0.000         0.000
 YR20           0.000         0.000         0.000         0.000         0.000
 YR21           0.000         0.000         0.000         0.000         0.000


           THETA
              E9_22         AGE           MALE          YR17          YR18
              ________      ________      ________      ________      ________
 E9_22          1.000
 AGE            0.000         0.000
 MALE           0.000         0.000         0.000
 YR17           0.000         0.000         0.000         0.000
 YR18           0.000         0.000         0.000         0.000         0.000
 YR19           0.000         0.000         0.000         0.000         0.000
 YR20           0.000         0.000         0.000         0.000         0.000
 YR21           0.000         0.000         0.000         0.000         0.000


           THETA
              YR19          YR20          YR21
              ________      ________      ________
 YR19           0.000
 YR20           0.000         0.000
 YR21           0.000         0.000         0.000


           ALPHA
              W_EL          AGE           MALE          YR17          YR18
              ________      ________      ________      ________      ________
                0.000         0.000         0.000         0.000         0.000


           ALPHA
              YR19          YR20          YR21
              ________      ________      ________
                0.000         0.000         0.000


           BETA
              W_EL          AGE           MALE          YR17          YR18
              ________      ________      ________      ________      ________
 W_EL           0.000         0.910        -0.216         0.125         0.136
 AGE            0.000         0.000         0.000         0.000         0.000
 MALE           0.000         0.000         0.000         0.000         0.000
 YR17           0.000         0.000         0.000         0.000         0.000
 YR18           0.000         0.000         0.000         0.000         0.000
 YR19           0.000         0.000         0.000         0.000         0.000
 YR20           0.000         0.000         0.000         0.000         0.000
 YR21           0.000         0.000         0.000         0.000         0.000


           BETA
              YR19          YR20          YR21
              ________      ________      ________
 W_EL           0.125         0.002         0.019
 AGE            0.000         0.000         0.000
 MALE           0.000         0.000         0.000
 YR17           0.000         0.000         0.000
 YR18           0.000         0.000         0.000
 YR19           0.000         0.000         0.000
 YR20           0.000         0.000         0.000
 YR21           0.000         0.000         0.000


           PSI
              W_EL          AGE           MALE          YR17          YR18
              ________      ________      ________      ________      ________
 W_EL           1.000
 AGE            0.000         0.334
 MALE           0.000         0.000         0.125
 YR17           0.000         0.000         0.000         0.035
 YR18           0.000         0.000         0.000         0.000         0.048
 YR19           0.000         0.000         0.000         0.000         0.000
 YR20           0.000         0.000         0.000         0.000         0.000
 YR21           0.000         0.000         0.000         0.000         0.000


           PSI
              YR19          YR20          YR21
              ________      ________      ________
 YR19           0.049
 YR20           0.000         0.067
 YR21           0.000         0.000         0.102


     STARTING VALUES FOR BETWEEN


           TAU
              EE1_1722      EE1_1722      EE1_1722      EE1_1722      E2_22$1
              ________      ________      ________      ________      ________
                0.460         1.971         2.588         4.488         1.717


           TAU
              E2_22$2       E2_22$3       E2_22$4       E3_1621$      E3_22$1
              ________      ________      ________      ________      ________
                3.369         4.050         6.051         3.914         3.359


           TAU
              E3_22$2       E3_22$3       EE4_1722      EE4_1722      EE4_1722
              ________      ________      ________      ________      ________
                4.498         7.282         1.313         4.170         4.940


           TAU
              EE4_1722      EE5_1722      EE5_1722      EE5_1722      EE5_1722
              ________      ________      ________      ________      ________
                6.576         6.259         7.300         7.717         8.655


           TAU
              E6_22$1       E6_22$2       E6_22$3       E6_22$4       E7A_1621
              ________      ________      ________      ________      ________
                2.829         4.555         5.211         6.808         0.589


           TAU
              E7A_1621      E7A_1621      E7A_1621      E7A_1621      E7B_22$1
              ________      ________      ________      ________      ________
                2.207         5.118         8.577         9.828         0.550


           TAU
              E7B_22$2      E7B_22$3      E7B_22$4      E8_22$1       E8_22$2
              ________      ________      ________      ________      ________
                1.970         4.638         6.671         1.662         3.155


           TAU
              E8_22$3       E8_22$4       E9_22$1       E9_22$2       E9_22$3
              ________      ________      ________      ________      ________
                3.727         5.529         5.170         6.837         7.498


           TAU
              E9_22$4
              ________
                9.295


           NU
              EE1_1722      E2_22         E3_1621       E3_22         EE4_1722
              ________      ________      ________      ________      ________
                0.000         0.000         0.000         0.000         0.000


           NU
              EE5_1722      E6_22         E7A_1621      E7B_22        E8_22
              ________      ________      ________      ________      ________
                0.000         0.000         0.000         0.000         0.000


           NU
              E9_22
              ________
                0.000


           LAMBDA
              B_EL
              ________
 EE1_1722       1.194
 E2_22          1.580
 E3_1621        1.497
 E3_22          1.668
 EE4_1722       1.841
 EE5_1722       2.350
 E6_22          2.169
 E7A_1621       2.050
 E7B_22         1.657
 E8_22          1.622
 E9_22          2.036


           THETA
              EE1_1722      E2_22         E3_1621       E3_22         EE4_1722
              ________      ________      ________      ________      ________
 EE1_1722       0.000
 E2_22          0.000         0.000
 E3_1621        0.000         0.000         0.000
 E3_22          0.000         0.000         0.000         0.000
 EE4_1722       0.000         0.000         0.000         0.000         0.000
 EE5_1722       0.000         0.000         0.000         0.000         0.000
 E6_22          0.000         0.000         0.000         0.000         0.000
 E7A_1621       0.000         0.000         0.000         0.000         0.000
 E7B_22         0.000         0.000         0.000         0.000         0.000
 E8_22          0.000         0.000         0.000         0.000         0.000
 E9_22          0.000         0.000         0.000         0.000         0.000


           THETA
              EE5_1722      E6_22         E7A_1621      E7B_22        E8_22
              ________      ________      ________      ________      ________
 EE5_1722       0.000
 E6_22          0.000         0.000
 E7A_1621       0.000         0.000         0.000
 E7B_22         0.000         0.000         0.000         0.000
 E8_22          0.000         0.000         0.000         0.000         0.000
 E9_22          0.000         0.000         0.000         0.000         0.000


           THETA
              E9_22
              ________
 E9_22          0.000


           ALPHA
              B_EL
              ________
                0.000


           BETA
              B_EL
              ________
 B_EL           0.000


           PSI
              B_EL
              ________
 B_EL           0.022


DIAGRAM INFORMATION

  Mplus diagrams are currently not available for multilevel analysis.
  No diagram output was produced.


     Beginning Time:  20:06:55
        Ending Time:  20:16:54
       Elapsed Time:  00:09:59



MUTHEN & MUTHEN
3463 Stoner Ave.
Los Angeles, CA  90066

Tel: (310) 391-9971
Fax: (310) 391-8971
Web: www.StatModel.com
Support: Support@StatModel.com

Copyright (c) 1998-2023 Muthen & Muthen
